<?xml version="1.0" encoding="UTF-8"?>
<!-- Generated by org.testng.reporters.JUnitReportReporter -->
<testsuite skipped="0" hostname="DESKTOP-KQ0EMK1" name="variousConcepts.testNNG" tests="1" failures="0" timestamp="19 Nov 2022 18:19:01 GMT" time="10.541" errors="0">
  <testcase name="addCustomer" time="10.541" classname="variousConcepts.testNNG"/>
</testsuite> <!-- variousConcepts.testNNG -->
